2022-06-15 23:15:04 [INFO] : ========== Server init ==========
2022-06-15 23:15:04 [INFO] : Port:10086 
2022-06-15 23:15:04 [INFO] : LogSys level: 1 
2022-06-15 23:15:06 [INFO] : Conn[6](127.0.0.1:43754) in, userCount:1
2022-06-15 23:15:10 [INFO] : Request Insert Key:a Value:(sring) "a" 
2022-06-15 23:15:12 [INFO] : Request DEL Key: a, succeed
2022-06-15 23:15:15 [INFO] : Request GET Key: a, but NIL
2022-06-15 23:27:31 [INFO] : ========== Server init ==========
2022-06-15 23:27:31 [INFO] : Port:10086 
2022-06-15 23:27:31 [INFO] : LogSys level: 1 
2022-06-15 23:27:33 [INFO] : Conn[6](127.0.0.1:40685) in, userCount:1
2022-06-15 23:27:36 [INFO] : Request Insert Key:a Value:(sring) "a" 
2022-06-15 23:27:38 [INFO] : Request GET Key: a, Value type:string
2022-06-15 23:36:30 [INFO] : ========== Server init ==========
2022-06-15 23:36:30 [INFO] : Port:10086 
2022-06-15 23:39:13 [INFO] : ========== Server init ==========
2022-06-15 23:39:13 [INFO] : Port:10086 
2022-06-15 23:39:13 [INFO] : LogSys level: 1 
2022-06-15 23:39:15 [INFO] : Conn[6](127.0.0.1:1666) in, userCount:1
2022-06-15 23:39:19 [INFO] : Request Insert Key:a Value:(double) 1.0 
2022-06-15 23:39:23 [INFO] : Request Insert Key:b Value:(double) 3.1415 
2022-06-15 23:42:45 [INFO] : ========== Server init ==========
2022-06-15 23:42:45 [INFO] : Port:10086 
2022-06-15 23:42:45 [INFO] : LogSys level: 1 
2022-06-15 23:42:50 [INFO] : Conn[6](127.0.0.1:55938) in, userCount:1
2022-06-15 23:42:52 [INFO] : Request Insert Key:a Value:(double) 1 
2022-06-15 23:42:55 [INFO] : Request Insert Key:b Value:(double) 2 
2022-06-15 23:53:22 [INFO] : ========== Server init ==========
2022-06-15 23:53:22 [INFO] : Port:10086 
2022-06-15 23:53:22 [INFO] : LogSys level: 1 
2022-06-15 23:53:25 [INFO] : Conn[6](127.0.0.1:19077) in, userCount:1
2022-06-15 23:53:29 [INFO] : Request Insert Key:a Value:(sring) "1" 
2022-06-15 23:53:40 [INFO] : Request Insert Key:b Value:(sring) 2022-06-15 23:53:40 [INFO] :  "11",2022-06-15 23:53:40 [INFO] :  "343",2022-06-15 23:53:40 [INFO] :  "3434",2022-06-15 23:53:40 [INFO] : 
2022-06-15 23:53:46 [INFO] : Request Insert Key:c Value:(double) 2022-06-15 23:53:46 [INFO] :  123,2022-06-15 23:53:46 [INFO] :  1231,2022-06-15 23:53:46 [INFO] :  1231,