2022-06-14 00:18:19 [INFO] : ========== Server init ==========
2022-06-14 00:18:19 [INFO] : Port:10086 
2022-06-14 00:18:19 [INFO] : LogSys level: 1 
2022-06-14 00:18:29 [INFO] : Conn[6](127.0.0.1:36583) in, userCount:1
2022-06-14 00:18:38 [INFO] : Request Key:a Value:(sring) "aa" 
2022-06-14 00:28:42 [INFO] : ========== Server init ==========
2022-06-14 00:28:42 [INFO] : Port:10086 
2022-06-14 00:28:42 [INFO] : LogSys level: 1 
2022-06-14 00:28:45 [INFO] : Conn[6](127.0.0.1:61673) in, userCount:1
2022-06-14 00:28:48 [INFO] : Request Key:a Value:(double) 1 
2022-06-14 00:32:30 [INFO] : ========== Server init ==========
2022-06-14 00:32:30 [INFO] : Port:10086 
2022-06-14 00:32:30 [INFO] : LogSys level: 1 
2022-06-14 00:32:32 [INFO] : Conn[6](127.0.0.1:55530) in, userCount:1
2022-06-14 00:32:35 [INFO] : Request Key:a Value:(double) 1 
2022-06-14 00:32:38 [INFO] : Conn[6](127.0.0.1:55530) quit, UserCount:0
2022-06-14 00:32:58 [INFO] : Conn[6](127.0.0.1:63722) in, userCount:1
2022-06-14 00:33:38 [INFO] : Conn[6](127.0.0.1:63722) quit, UserCount:0
2022-06-14 00:33:42 [INFO] : Conn[6](127.0.0.1:9963) in, userCount:1
2022-06-14 00:34:00 [INFO] : Request Key:b Value:(double) 1.0 
2022-06-14 00:34:09 [INFO] : Request Key:s Value:(sring) "123" 
2022-06-14 00:35:22 [INFO] : ========== Server init ==========
2022-06-14 00:35:22 [INFO] : Port:10086 
2022-06-14 00:35:22 [INFO] : LogSys level: 1 
2022-06-14 00:35:24 [INFO] : Conn[6](127.0.0.1:37099) in, userCount:1
2022-06-14 00:38:25 [INFO] : ========== Server init ==========
2022-06-14 00:38:25 [INFO] : Port:10086 
2022-06-14 00:38:25 [INFO] : LogSys level: 1 
2022-06-14 00:38:29 [INFO] : Conn[6](127.0.0.1:19692) in, userCount:1
2022-06-14 00:38:33 [INFO] : Request Insert Key:a Value:(double) 1 
2022-06-14 00:38:38 [INFO] : Request GET key: a, value type:string
2022-06-14 00:42:44 [INFO] : ========== Server init ==========
2022-06-14 00:42:44 [INFO] : Port:10086 
2022-06-14 00:42:44 [INFO] : LogSys level: 1 
2022-06-14 00:42:48 [INFO] : Conn[6](127.0.0.1:20205) in, userCount:1
2022-06-14 00:42:55 [INFO] : Request Insert Key:A Value:(sring) 2022-06-14 00:42:55 [INFO] :  "11",2022-06-14 00:42:55 [INFO] :  "2131",2022-06-14 00:42:55 [INFO] : 
2022-06-14 00:43:01 [INFO] : Request GET key: A, value type:string
2022-06-14 00:43:11 [INFO] : Request Insert Key:BB Value:(double) 2022-06-14 00:43:11 [INFO] :  1,2022-06-14 00:43:11 [INFO] :  1,2022-06-14 00:43:11 [INFO] :  231,2022-06-14 00:43:11 [INFO] : 
2022-06-14 00:43:13 [INFO] : Request GET key: BB, value type:string
2022-06-14 00:46:40 [INFO] : ========== Server init ==========
2022-06-14 00:46:40 [INFO] : Port:10086 
2022-06-14 00:46:40 [INFO] : LogSys level: 1 
2022-06-14 00:46:43 [INFO] : Conn[6](127.0.0.1:14574) in, userCount:1
2022-06-14 00:46:49 [INFO] : Request Insert Key:A Value:(sring) 2022-06-14 00:46:49 [INFO] :  "1",2022-06-14 00:46:49 [INFO] :  "2",2022-06-14 00:46:49 [INFO] : 
2022-06-14 00:48:43 [INFO] : ========== Server init ==========
2022-06-14 00:48:43 [INFO] : Port:10086 
2022-06-14 00:48:43 [INFO] : LogSys level: 1 
2022-06-14 00:48:46 [INFO] : Conn[6](127.0.0.1:26752) in, userCount:1
2022-06-14 00:48:50 [INFO] : Request Insert Key:A Value:(sring) "1" 
2022-06-14 00:48:52 [INFO] : Request GET Key: A, Value type:string
2022-06-14 00:49:38 [INFO] : ========== Server init ==========
2022-06-14 00:49:38 [INFO] : Port:10086 
2022-06-14 00:49:38 [INFO] : LogSys level: 1 
2022-06-14 00:49:41 [INFO] : Conn[6](127.0.0.1:42112) in, userCount:1
2022-06-14 00:49:44 [INFO] : Request Insert Key:a Value:(sring) "1" 
2022-06-14 00:49:46 [INFO] : Request GET Key: a, Value type:string
2022-06-14 00:49:54 [INFO] : Request Insert Key:a Value:(sring) "2" 
2022-06-14 00:49:56 [INFO] : Request GET Key: a, Value type:string
2022-06-14 00:50:01 [INFO] : Request GET Key: b, but NIL
2022-06-14 00:50:23 [INFO] : ========== Server init ==========
2022-06-14 00:50:23 [INFO] : Port:10086 
2022-06-14 00:50:23 [INFO] : LogSys level: 1 
2022-06-14 00:50:27 [INFO] : Conn[6](127.0.0.1:54400) in, userCount:1
2022-06-14 00:50:32 [INFO] : Request Insert Key:b Value:(double) 1 
2022-06-14 00:51:15 [INFO] : ========== Server init ==========
2022-06-14 00:51:15 [INFO] : Port:10086 
2022-06-14 00:51:29 [INFO] : ========== Server init ==========
2022-06-14 00:51:29 [INFO] : Port:10086 
2022-06-14 00:51:29 [INFO] : LogSys level: 1 
2022-06-14 00:51:32 [INFO] : Conn[6](127.0.0.1:5761) in, userCount:1
2022-06-14 00:51:35 [INFO] : Request Insert Key:a Value:(double) 1 
2022-06-14 00:53:37 [INFO] : ========== Server init ==========
2022-06-14 00:53:37 [INFO] : Port:10086 
2022-06-14 00:53:37 [INFO] : LogSys level: 1 
2022-06-14 00:53:40 [INFO] : Conn[6](127.0.0.1:37505) in, userCount:1
2022-06-14 00:53:44 [INFO] : Request Insert Key:A Value:(double) 1 
2022-06-14 01:00:07 [INFO] : ========== Server init ==========
2022-06-14 01:00:07 [INFO] : Port:10086 
2022-06-14 01:00:07 [INFO] : LogSys level: 1 
2022-06-14 01:00:10 [INFO] : Conn[6](127.0.0.1:6275) in, userCount:1
2022-06-14 01:00:14 [INFO] : Request Insert Key:a Value:(double) 1 
2022-06-14 01:02:27 [INFO] : ========== Server init ==========
2022-06-14 01:02:27 [INFO] : Port:10086 
2022-06-14 01:02:27 [INFO] : LogSys level: 1 
2022-06-14 01:02:30 [INFO] : Conn[6](127.0.0.1:43139) in, userCount:1
2022-06-14 01:02:32 [INFO] : Request Insert Key:a Value:(double) 1 
2022-06-14 01:02:35 [INFO] : Request GET Key: a, Value type:string
2022-06-14 01:16:09 [INFO] : ========== Server init ==========
2022-06-14 01:16:09 [INFO] : Port:10086 
2022-06-14 01:16:09 [INFO] : LogSys level: 1 
2022-06-14 01:16:11 [INFO] : Conn[6](127.0.0.1:56454) in, userCount:1
2022-06-14 01:16:15 [INFO] : Request Insert Key:a Value:(double) 1 
2022-06-14 01:16:19 [INFO] : Request GET Key: a, Value type:string
2022-06-14 01:17:49 [INFO] : ========== Server init ==========
2022-06-14 01:17:49 [INFO] : Port:10086 
2022-06-14 01:17:49 [INFO] : LogSys level: 1 
2022-06-14 01:17:51 [INFO] : Conn[6](127.0.0.1:17543) in, userCount:1
2022-06-14 01:17:53 [INFO] : Request Insert Key:a Value:(double) 1 
2022-06-14 01:17:57 [INFO] : Request GET Key: a, Value type:string
2022-06-14 01:18:46 [INFO] : ========== Server init ==========
2022-06-14 01:18:46 [INFO] : Port:10086 
2022-06-14 01:18:46 [INFO] : LogSys level: 1 
2022-06-14 01:18:49 [INFO] : Conn[6](127.0.0.1:32903) in, userCount:1
2022-06-14 01:18:52 [INFO] : Request Insert Key:a Value:(double) 1 
2022-06-14 01:18:53 [INFO] : Request GET Key: a, Value type:string
2022-06-14 01:19:52 [INFO] : ========== Server init ==========
2022-06-14 01:19:52 [INFO] : Port:10086 
2022-06-14 01:19:52 [INFO] : LogSys level: 1 
2022-06-14 01:19:56 [INFO] : Conn[6](127.0.0.1:49799) in, userCount:1
2022-06-14 01:19:58 [INFO] : Request Insert Key:a Value:(double) 1 
2022-06-14 01:20:00 [INFO] : Request GET Key: a, Value type:string
2022-06-14 01:20:18 [INFO] : ========== Server init ==========
2022-06-14 01:20:18 [INFO] : Port:10086 
2022-06-14 01:20:18 [INFO] : LogSys level: 1 
2022-06-14 01:20:20 [INFO] : Conn[6](127.0.0.1:56967) in, userCount:1
2022-06-14 01:20:22 [INFO] : Request Insert Key:a Value:(double) 1 
2022-06-14 01:20:23 [INFO] : Request GET Key: a, Value type:string
2022-06-14 01:21:21 [INFO] : ========== Server init ==========
2022-06-14 01:21:21 [INFO] : Port:10086 
2022-06-14 01:21:36 [INFO] : ========== Server init ==========
2022-06-14 01:21:36 [INFO] : Port:10086 
2022-06-14 01:21:36 [INFO] : LogSys level: 1 
2022-06-14 01:21:39 [INFO] : Conn[6](127.0.0.1:12936) in, userCount:1
2022-06-14 01:21:41 [INFO] : Request Insert Key:a Value:(double) 1 
2022-06-14 01:21:43 [INFO] : Request GET Key: a, Value type:double
2022-06-14 01:21:55 [INFO] : Request Insert Key:a Value:(sring) "1" 
2022-06-14 01:21:57 [INFO] : Request GET Key: a, Value type:double
2022-06-14 01:24:40 [INFO] : ========== Server init ==========
2022-06-14 01:24:40 [INFO] : Port:10086 
2022-06-14 01:24:40 [INFO] : LogSys level: 1 
2022-06-14 01:24:43 [INFO] : Conn[6](127.0.0.1:59016) in, userCount:1
2022-06-14 01:24:46 [INFO] : Request Insert Key:a Value:(double) 1 
2022-06-14 01:24:48 [INFO] : Request GET Key: a, Value type:double
2022-06-14 01:25:02 [INFO] : Request Insert Key:a Value:(sring) "1" 
2022-06-14 01:34:06 [INFO] : ========== Server init ==========
2022-06-14 01:34:06 [INFO] : Port:10086 
2022-06-14 01:34:06 [INFO] : LogSys level: 1 
2022-06-14 01:34:09 [INFO] : Conn[6](127.0.0.1:5259) in, userCount:1
2022-06-14 01:34:15 [INFO] : Request Insert Key:a Value:(double) 2022-06-14 01:34:15 [INFO] :  1,2022-06-14 01:34:15 [INFO] :  1,2022-06-14 01:34:15 [INFO] :  2,2022-06-14 01:34:15 [INFO] :  3,2022-06-14 01:34:15 [INFO] : 
2022-06-14 01:34:17 [INFO] : Request GET Key: a, Value type:double list
2022-06-14 01:34:54 [INFO] : Request Insert Key:b Value:(sring) 2022-06-14 01:34:54 [INFO] :  "1",2022-06-14 01:34:54 [INFO] :  "2",2022-06-14 01:34:54 [INFO] :  "3",2022-06-14 01:34:54 [INFO] : 
2022-06-14 01:34:56 [INFO] : Request GET Key: b, Value type:string list
2022-06-14 01:35:38 [INFO] : ========== Server init ==========
2022-06-14 01:35:38 [INFO] : Port:10086 
2022-06-14 01:35:38 [INFO] : LogSys level: 1 
2022-06-14 01:35:41 [INFO] : Conn[6](127.0.0.1:28811) in, userCount:1
2022-06-14 01:35:44 [INFO] : Request Insert Key:a Value:(double) 2022-06-14 01:35:44 [INFO] :  1,2022-06-14 01:35:44 [INFO] :  2,2022-06-14 01:35:44 [INFO] :  3,2022-06-14 01:35:44 [INFO] : 
2022-06-14 01:35:46 [INFO] : Request GET Key: a, Value type:double list
2022-06-14 01:35:49 [INFO] : Conn[6](127.0.0.1:28811) quit, UserCount:0
2022-06-14 01:37:49 [INFO] : Conn[6](127.0.0.1:62603) in, userCount:1
2022-06-14 01:38:11 [INFO] : Request Insert Key:numbers Value:(double) 2022-06-14 01:38:11 [INFO] :  1,2022-06-14 01:38:11 [INFO] :  2,2022-06-14 01:38:11 [INFO] :  3,2022-06-14 01:38:11 [INFO] :  4,2022-06-14 01:38:11 [INFO] : 
2022-06-14 01:38:14 [INFO] : Request GET Key: numbers, Value type:double list
2022-06-14 01:38:34 [INFO] : Request Insert Key:sb Value:(sring) 2022-06-14 01:38:34 [INFO] :  "hty",2022-06-14 01:38:34 [INFO] :  "qzd",2022-06-14 01:38:34 [INFO] : 
2022-06-14 01:38:36 [INFO] : Request GET Key: sb, Value type:string list
